David vs. Goliath + url:businessinsider has 0 of 100 tweets
David vs. Goliath + url:nbcnews has 0 of 100 tweets
David vs. Goliath + url:huffpost has 0 of 100 tweets
David vs. Goliath + url:usatoday has 0 of 100 tweets
David vs. Goliath + url:npr has 0 of 100 tweets
All that glitters is not gold + url:cbsnews has 0 of 100 tweets
All that glitters is not gold + url:nytimes has 0 of 100 tweets
All that glitters is not gold + url:washingtonpost has 0 of 100 tweets
All that glitters is not gold + url:usatoday has 0 of 100 tweets
All that glitters is not gold + url:foxnews has 0 of 100 tweets
All that glitters is not gold + url:cnn has 0 of 100 tweets
David vs. Goliath + url:cnn has 1 of 100 tweets
Catch 22 + url:nbcnews has 0 of 100 tweets
Catch 22 + url:cbsnews has 0 of 100 tweets
David vs. Goliath + url:cbsnews has 0 of 100 tweets
Catch 22 + url:huffpost has 0 of 100 tweets
Catch 22 + url:foxnews has 0 of 100 tweets
David vs. Goliath + url:foxnews has 3 of 100 tweets
All that glitters is not gold + url:npr has 0 of 100 tweets
Catch 22 + url:washingtonpost has 0 of 100 tweets
A bird in the hand is worth two in the bush + url:cbsnews has 0 of 100 tweets
Asleep at the wheel + url:businessinsider has 0 of 100 tweets
Catch 22 + url:cnn has 0 of 100 tweets
A bird in the hand is worth two in the bush + url:cnn has 0 of 100 tweets
Catch 22 + url:npr has 0 of 100 tweets
A bird in the hand is worth two in the bush + url:nbcnews has 0 of 100 tweets
A bird in the hand is worth two in the bush + url:usatoday has 0 of 100 tweets
The prodigal son returns + url:cbsnews has 0 of 100 tweets
All that glitters is not gold + url:nbcnews has 0 of 100 tweets
Catch 22 + url:usatoday has 0 of 100 tweets
A bird in the hand is worth two in the bush + url:huffpost has 0 of 100 tweets
A bird in the hand is worth two in the bush + url:foxnews has 0 of 100 tweets
A bird in the hand is worth two in the bush + url:businessinsider has 0 of 100 tweets
The prodigal son returns + url:nbcnews has 0 of 100 tweets
The prodigal son returns + url:huffpost has 0 of 100 tweets
The prodigal son returns + url:usatoday has 0 of 100 tweets
The prodigal son returns + url:nytimes has 0 of 100 tweets
The prodigal son returns + url:npr has 0 of 100 tweets
watched pot never boils + url:nytimes has 0 of 100 tweets
Catch 22 + url:nytimes has 0 of 100 tweets
Catch 22 + url:businessinsider has 0 of 100 tweets
A bird in the hand is worth two in the bush + url:washingtonpost has 0 of 100 tweets
A bird in the hand is worth two in the bush + url:npr has 0 of 100 tweets
The prodigal son returns + url:washingtonpost has 0 of 100 tweets
The prodigal son returns + url:businessinsider has 0 of 100 tweets
watched pot never boils + url:nbcnews has 0 of 100 tweets
watched pot never boils + url:foxnews has 0 of 100 tweets
watched pot never boils + url:npr has 0 of 100 tweets
All that glitters is not gold + url:businessinsider has 1 of 100 tweets
Asleep at the wheel + url:washingtonpost has 1 of 100 tweets
watched pot never boils + url:usatoday has 0 of 100 tweets
Pot calling the kettle black + url:huffpost has 0 of 100 tweets
Pot calling the kettle black + url:usatoday has 0 of 100 tweets
David vs. Goliath + url:washingtonpost has 0 of 100 tweets
All that glitters is not gold + url:huffpost has 0 of 100 tweets
Asleep at the wheel + url:usatoday has 0 of 100 tweets
Asleep at the wheel + url:cbsnews has 1 of 100 tweets
Asleep at the wheel + url:nytimes has 0 of 100 tweets
watched pot never boils + url:cnn has 0 of 100 tweets
A bird in the hand is worth two in the bush + url:nytimes has 0 of 100 tweets
Pot calling the kettle black + url:nbcnews has 0 of 100 tweets
watched pot never boils + url:businessinsider has 0 of 100 tweets
Asleep at the wheel + url:npr has 0 of 100 tweets
The prodigal son returns + url:cnn has 1 of 100 tweets
watched pot never boils + url:cbsnews has 0 of 100 tweets
watched pot never boils + url:huffpost has 0 of 100 tweets
[ { message: 'Rate limit exceeded', code: 88 } ]
David vs. Goliath + url:nytimes has 4 of 100 tweets
Another nail in the coffin + url:huffpost has 3 of 100 tweets
Asleep at the wheel + url:huffpost has 1 of 100 tweets
Pot calling the kettle black + url:cbsnews has 0 of 100 tweets
[ { message: 'Rate limit exceeded', code: 88 } ]
A needle in a haystack + url:cbsnews has 0 of 100 tweets
[ { message: 'Rate limit exceeded', code: 88 } ]
A needle in a haystack + url:nytimes has 0 of 100 tweets
watched pot never boils + url:washingtonpost has 0 of 100 tweets
[ { message: 'Rate limit exceeded', code: 88 } ]
Pot calling the kettle black + url:washingtonpost has 1 of 100 tweets
A needle in a haystack + url:nbcnews has 0 of 100 tweets
[ { message: 'Rate limit exceeded', code: 88 } ]
[ { message: 'Rate limit exceeded', code: 88 } ]
[ { message: 'Rate limit exceeded', code: 88 } ]
[ { message: 'Rate limit exceeded', code: 88 } ]
Asleep at the wheel + url:cnn has 5 of 100 tweets
[ { message: 'Rate limit exceeded', code: 88 } ]
[ { message: 'Rate limit exceeded', code: 88 } ]
[ { message: 'Rate limit exceeded', code: 88 } ]
[ { message: 'Rate limit exceeded', code: 88 } ]
[ { message: 'Rate limit exceeded', code: 88 } ]
A needle in a haystack + url:foxnews has 0 of 100 tweets
[ { message: 'Rate limit exceeded', code: 88 } ]
[ { message: 'Rate limit exceeded', code: 88 } ]
Pot calling the kettle black + url:nytimes has 2 of 100 tweets
Pot calling the kettle black + url:npr has 1 of 100 tweets
A needle in a haystack + url:cnn has 2 of 100 tweets
[ { message: 'Rate limit exceeded', code: 88 } ]
[ { message: 'Rate limit exceeded', code: 88 } ]
[ { message: 'Rate limit exceeded', code: 88 } ]
[ { message: 'Rate limit exceeded', code: 88 } ]
[ { message: 'Rate limit exceeded', code: 88 } ]
[ { message: 'Rate limit exceeded', code: 88 } ]
[ { message: 'Rate limit exceeded', code: 88 } ]
A needle in a haystack + url:huffpost has 0 of 100 tweets
[ { message: 'Rate limit exceeded', code: 88 } ]
[ { message: 'Rate limit exceeded', code: 88 } ]
[ { message: 'Rate limit exceeded', code: 88 } ]
[ { message: 'Rate limit exceeded', code: 88 } ]
[ { message: 'Rate limit exceeded', code: 88 } ]
[ { message: 'Rate limit exceeded', code: 88 } ]
[ { message: 'Rate limit exceeded', code: 88 } ]
[ { message: 'Rate limit exceeded', code: 88 } ]
[ { message: 'Rate limit exceeded', code: 88 } ]
[ { message: 'Rate limit exceeded', code: 88 } ]
Another nail in the coffin + url:nbcnews has 7 of 100 tweets
Pot calling the kettle black + url:foxnews has 11 of 100 tweets
[ { message: 'Rate limit exceeded', code: 88 } ]
Another nail in the coffin + url:foxnews has 4 of 100 tweets
[ { message: 'Rate limit exceeded', code: 88 } ]
[ { message: 'Rate limit exceeded', code: 88 } ]
[ { message: 'Rate limit exceeded', code: 88 } ]
[ { message: 'Rate limit exceeded', code: 88 } ]
[ { message: 'Rate limit exceeded', code: 88 } ]
[ { message: 'Rate limit exceeded', code: 88 } ]
[ { message: 'Rate limit exceeded', code: 88 } ]
Asleep at the wheel + url:foxnews has 11 of 100 tweets
[ { message: 'Rate limit exceeded', code: 88 } ]
[ { message: 'Rate limit exceeded', code: 88 } ]
The prodigal son returns + url:foxnews has 15 of 100 tweets
[ { message: 'Rate limit exceeded', code: 88 } ]
Pot calling the kettle black + url:cnn has 12 of 100 tweets
Another nail in the coffin + url:usatoday has 17 of 100 tweets
Pot calling the kettle black + url:businessinsider has 10 of 100 tweets
[ { message: 'Rate limit exceeded', code: 88 } ]
[ { message: 'Rate limit exceeded', code: 88 } ]
[ { message: 'Rate limit exceeded', code: 88 } ]
[ { message: 'Rate limit exceeded', code: 88 } ]
[ { message: 'Rate limit exceeded', code: 88 } ]
[ { message: 'Rate limit exceeded', code: 88 } ]
[ { message: 'Rate limit exceeded', code: 88 } ]
[ { message: 'Rate limit exceeded', code: 88 } ]
[ { message: 'Rate limit exceeded', code: 88 } ]
[ { message: 'Rate limit exceeded', code: 88 } ]
Another nail in the coffin + url:businessinsider has 31 of 100 tweets
[ { message: 'Rate limit exceeded', code: 88 } ]
[ { message: 'Rate limit exceeded', code: 88 } ]
[ { message: 'Rate limit exceeded', code: 88 } ]
[ { message: 'Rate limit exceeded', code: 88 } ]
[ { message: 'Rate limit exceeded', code: 88 } ]
[ { message: 'Rate limit exceeded', code: 88 } ]
[ { message: 'Rate limit exceeded', code: 88 } ]
[ { message: 'Rate limit exceeded', code: 88 } ]
[ { message: 'Rate limit exceeded', code: 88 } ]
[ { message: 'Rate limit exceeded', code: 88 } ]
Asleep at the wheel + url:nbcnews has 28 of 100 tweets
Another nail in the coffin + url:cnn has 45 of 100 tweets
[ { message: 'Rate limit exceeded', code: 88 } ]
[ { message: 'Rate limit exceeded', code: 88 } ]
[ { message: 'Rate limit exceeded', code: 88 } ]
[ { message: 'Rate limit exceeded', code: 88 } ]
Another nail in the coffin + url:nytimes has 29 of 100 tweets
[ { message: 'Rate limit exceeded', code: 88 } ]
[ { message: 'Rate limit exceeded', code: 88 } ]
[ { message: 'Rate limit exceeded', code: 88 } ]
[ { message: 'Rate limit exceeded', code: 88 } ]
[ { message: 'Rate limit exceeded', code: 88 } ]
[ { message: 'Rate limit exceeded', code: 88 } ]
[ { message: 'Rate limit exceeded', code: 88 } ]
[ { message: 'Rate limit exceeded', code: 88 } ]
[ { message: 'Rate limit exceeded', code: 88 } ]
[ { message: 'Rate limit exceeded', code: 88 } ]
[ { message: 'Rate limit exceeded', code: 88 } ]
[ { message: 'Rate limit exceeded', code: 88 } ]
[ { message: 'Rate limit exceeded', code: 88 } ]
[ { message: 'Rate limit exceeded', code: 88 } ]
Another nail in the coffin + url:washingtonpost has 84 of 100 tweets
Another nail in the coffin + url:cbsnews has 65 of 100 tweets
Another nail in the coffin + url:npr has 69 of 100 tweets
[ { message: 'Rate limit exceeded', code: 88 } ]
[ { message: 'Rate limit exceeded', code: 88 } ]
[ { message: 'Rate limit exceeded', code: 88 } ]
[ { message: 'Rate limit exceeded', code: 88 } ]
[ { message: 'Rate limit exceeded', code: 88 } ]
[ { message: 'Rate limit exceeded', code: 88 } ]
[ { message: 'Rate limit exceeded', code: 88 } ]
[ { message: 'Rate limit exceeded', code: 88 } ]
[ { message: 'Rate limit exceeded', code: 88 } ]
[ { message: 'Rate limit exceeded', code: 88 } ]
[ { message: 'Rate limit exceeded', code: 88 } ]
[ { message: 'Rate limit exceeded', code: 88 } ]
[ { message: 'Rate limit exceeded', code: 88 } ]
[ { message: 'Rate limit exceeded', code: 88 } ]
[ { message: 'Rate limit exceeded', code: 88 } ]
[ { message: 'Rate limit exceeded', code: 88 } ]
[ { message: 'Rate limit exceeded', code: 88 } ]
[ { message: 'Rate limit exceeded', code: 88 } ]
[ { message: 'Rate limit exceeded', code: 88 } ]
[ { message: 'Rate limit exceeded', code: 88 } ]
[ { message: 'Rate limit exceeded', code: 88 } ]
[ { message: 'Rate limit exceeded', code: 88 } ]
[ { message: 'Rate limit exceeded', code: 88 } ]
[ { message: 'Rate limit exceeded', code: 88 } ]
[ { message: 'Rate limit exceeded', code: 88 } ]
[ { message: 'Rate limit exceeded', code: 88 } ]
[ { message: 'Rate limit exceeded', code: 88 } ]
[ { message: 'Rate limit exceeded', code: 88 } ]
[ { message: 'Rate limit exceeded', code: 88 } ]
[ { message: 'Rate limit exceeded', code: 88 } ]
[ { message: 'Rate limit exceeded', code: 88 } ]
[ { message: 'Rate limit exceeded', code: 88 } ]
[ { message: 'Rate limit exceeded', code: 88 } ]
[ { message: 'Rate limit exceeded', code: 88 } ]
[ { message: 'Rate limit exceeded', code: 88 } ]
[ { message: 'Rate limit exceeded', code: 88 } ]
[ { message: 'Rate limit exceeded', code: 88 } ]
[ { message: 'Rate limit exceeded', code: 88 } ]
[ { message: 'Rate limit exceeded', code: 88 } ]
[ { message: 'Rate limit exceeded', code: 88 } ]
[ { message: 'Rate limit exceeded', code: 88 } ]
[ { message: 'Rate limit exceeded', code: 88 } ]
[ { message: 'Rate limit exceeded', code: 88 } ]
[ { message: 'Rate limit exceeded', code: 88 } ]
[ { message: 'Rate limit exceeded', code: 88 } ]
[ { message: 'Rate limit exceeded', code: 88 } ]
[ { message: 'Rate limit exceeded', code: 88 } ]
[ { message: 'Rate limit exceeded', code: 88 } ]
[ { message: 'Rate limit exceeded', code: 88 } ]
[ { message: 'Rate limit exceeded', code: 88 } ]
[ { message: 'Rate limit exceeded', code: 88 } ]
[ { message: 'Rate limit exceeded', code: 88 } ]
[ { message: 'Rate limit exceeded', code: 88 } ]
[ { message: 'Rate limit exceeded', code: 88 } ]
[ { message: 'Rate limit exceeded', code: 88 } ]
[ { message: 'Rate limit exceeded', code: 88 } ]
[ { message: 'Rate limit exceeded', code: 88 } ]
[ { message: 'Rate limit exceeded', code: 88 } ]
[ { message: 'Rate limit exceeded', code: 88 } ]
[ { message: 'Rate limit exceeded', code: 88 } ]
[ { message: 'Rate limit exceeded', code: 88 } ]
[ { message: 'Rate limit exceeded', code: 88 } ]
[ { message: 'Rate limit exceeded', code: 88 } ]
[ { message: 'Rate limit exceeded', code: 88 } ]
[ { message: 'Rate limit exceeded', code: 88 } ]
[ { message: 'Rate limit exceeded', code: 88 } ]
[ { message: 'Rate limit exceeded', code: 88 } ]
[ { message: 'Rate limit exceeded', code: 88 } ]
[ { message: 'Rate limit exceeded', code: 88 } ]
[ { message: 'Rate limit exceeded', code: 88 } ]
[ { message: 'Rate limit exceeded', code: 88 } ]
[ { message: 'Rate limit exceeded', code: 88 } ]
[ { message: 'Rate limit exceeded', code: 88 } ]
[ { message: 'Rate limit exceeded', code: 88 } ]
[ { message: 'Rate limit exceeded', code: 88 } ]
[ { message: 'Rate limit exceeded', code: 88 } ]
[ { message: 'Rate limit exceeded', code: 88 } ]
[ { message: 'Rate limit exceeded', code: 88 } ]
[ { message: 'Rate limit exceeded', code: 88 } ]
[ { message: 'Rate limit exceeded', code: 88 } ]
[ { message: 'Rate limit exceeded', code: 88 } ]
[ { message: 'Rate limit exceeded', code: 88 } ]
[ { message: 'Rate limit exceeded', code: 88 } ]
[ { message: 'Rate limit exceeded', code: 88 } ]
[ { message: 'Rate limit exceeded', code: 88 } ]
[ { message: 'Rate limit exceeded', code: 88 } ]
[ { message: 'Rate limit exceeded', code: 88 } ]
[ { message: 'Rate limit exceeded', code: 88 } ]
[ { message: 'Rate limit exceeded', code: 88 } ]
[ { message: 'Rate limit exceeded', code: 88 } ]
[ { message: 'Rate limit exceeded', code: 88 } ]
[ { message: 'Rate limit exceeded', code: 88 } ]
[ { message: 'Rate limit exceeded', code: 88 } ]
[ { message: 'Rate limit exceeded', code: 88 } ]
[ { message: 'Rate limit exceeded', code: 88 } ]
[ { message: 'Rate limit exceeded', code: 88 } ]
[ { message: 'Rate limit exceeded', code: 88 } ]
[ { message: 'Rate limit exceeded', code: 88 } ]
[ { message: 'Rate limit exceeded', code: 88 } ]
[ { message: 'Rate limit exceeded', code: 88 } ]
[ { message: 'Rate limit exceeded', code: 88 } ]
[ { message: 'Rate limit exceeded', code: 88 } ]
[ { message: 'Rate limit exceeded', code: 88 } ]
[ { message: 'Rate limit exceeded', code: 88 } ]
[ { message: 'Rate limit exceeded', code: 88 } ]
[ { message: 'Rate limit exceeded', code: 88 } ]
[ { message: 'Rate limit exceeded', code: 88 } ]
[ { message: 'Rate limit exceeded', code: 88 } ]
[ { message: 'Rate limit exceeded', code: 88 } ]
[ { message: 'Rate limit exceeded', code: 88 } ]
[ { message: 'Rate limit exceeded', code: 88 } ]
[ { message: 'Rate limit exceeded', code: 88 } ]
[ { message: 'Rate limit exceeded', code: 88 } ]
[ { message: 'Rate limit exceeded', code: 88 } ]
[ { message: 'Rate limit exceeded', code: 88 } ]
[ { message: 'Rate limit exceeded', code: 88 } ]
[ { message: 'Rate limit exceeded', code: 88 } ]
[ { message: 'Rate limit exceeded', code: 88 } ]
[ { message: 'Rate limit exceeded', code: 88 } ]
[ { message: 'Rate limit exceeded', code: 88 } ]
[ { message: 'Rate limit exceeded', code: 88 } ]
[ { message: 'Rate limit exceeded', code: 88 } ]
[ { message: 'Rate limit exceeded', code: 88 } ]
[ { message: 'Rate limit exceeded', code: 88 } ]
[ { message: 'Rate limit exceeded', code: 88 } ]
[ { message: 'Rate limit exceeded', code: 88 } ]
[ { message: 'Rate limit exceeded', code: 88 } ]
[ { message: 'Rate limit exceeded', code: 88 } ]
[ { message: 'Rate limit exceeded', code: 88 } ]
[ { message: 'Rate limit exceeded', code: 88 } ]
[ { message: 'Rate limit exceeded', code: 88 } ]
[ { message: 'Rate limit exceeded', code: 88 } ]
[ { message: 'Rate limit exceeded', code: 88 } ]
[ { message: 'Rate limit exceeded', code: 88 } ]
[ { message: 'Rate limit exceeded', code: 88 } ]
[ { message: 'Rate limit exceeded', code: 88 } ]
[ { message: 'Rate limit exceeded', code: 88 } ]
[ { message: 'Rate limit exceeded', code: 88 } ]
[ { message: 'Rate limit exceeded', code: 88 } ]
[ { message: 'Rate limit exceeded', code: 88 } ]
[ { message: 'Rate limit exceeded', code: 88 } ]
[ { message: 'Rate limit exceeded', code: 88 } ]
[ { message: 'Rate limit exceeded', code: 88 } ]
[ { message: 'Rate limit exceeded', code: 88 } ]
[ { message: 'Rate limit exceeded', code: 88 } ]
[ { message: 'Rate limit exceeded', code: 88 } ]
[ { message: 'Rate limit exceeded', code: 88 } ]
[ { message: 'Rate limit exceeded', code: 88 } ]
[ { message: 'Rate limit exceeded', code: 88 } ]
[ { message: 'Rate limit exceeded', code: 88 } ]
[ { message: 'Rate limit exceeded', code: 88 } ]
[ { message: 'Rate limit exceeded', code: 88 } ]
[ { message: 'Rate limit exceeded', code: 88 } ]
[ { message: 'Rate limit exceeded', code: 88 } ]
[ { message: 'Rate limit exceeded', code: 88 } ]
[ { message: 'Rate limit exceeded', code: 88 } ]
[ { message: 'Rate limit exceeded', code: 88 } ]
[ { message: 'Rate limit exceeded', code: 88 } ]
[ { message: 'Rate limit exceeded', code: 88 } ]
[ { message: 'Rate limit exceeded', code: 88 } ]
[ { message: 'Rate limit exceeded', code: 88 } ]
[ { message: 'Rate limit exceeded', code: 88 } ]
[ { message: 'Rate limit exceeded', code: 88 } ]
[ { message: 'Rate limit exceeded', code: 88 } ]
[ { message: 'Rate limit exceeded', code: 88 } ]
[ { message: 'Rate limit exceeded', code: 88 } ]
[ { message: 'Rate limit exceeded', code: 88 } ]
[ { message: 'Rate limit exceeded', code: 88 } ]
[ { message: 'Rate limit exceeded', code: 88 } ]
[ { message: 'Rate limit exceeded', code: 88 } ]
[ { message: 'Rate limit exceeded', code: 88 } ]
[ { message: 'Rate limit exceeded', code: 88 } ]
[ { message: 'Rate limit exceeded', code: 88 } ]
[ { message: 'Rate limit exceeded', code: 88 } ]
[ { message: 'Rate limit exceeded', code: 88 } ]
[ { message: 'Rate limit exceeded', code: 88 } ]
[ { message: 'Rate limit exceeded', code: 88 } ]
[ { message: 'Rate limit exceeded', code: 88 } ]
[ { message: 'Rate limit exceeded', code: 88 } ]
[ { message: 'Rate limit exceeded', code: 88 } ]
[ { message: 'Rate limit exceeded', code: 88 } ]
[ { message: 'Rate limit exceeded', code: 88 } ]
[ { message: 'Rate limit exceeded', code: 88 } ]
[ { message: 'Rate limit exceeded', code: 88 } ]
[ { message: 'Rate limit exceeded', code: 88 } ]
[ { message: 'Rate limit exceeded', code: 88 } ]
[ { message: 'Rate limit exceeded', code: 88 } ]
[ { message: 'Rate limit exceeded', code: 88 } ]
[ { message: 'Rate limit exceeded', code: 88 } ]
[ { message: 'Rate limit exceeded', code: 88 } ]
[ { message: 'Rate limit exceeded', code: 88 } ]
[ { message: 'Rate limit exceeded', code: 88 } ]
[ { message: 'Rate limit exceeded', code: 88 } ]
[ { message: 'Rate limit exceeded', code: 88 } ]
[ { message: 'Rate limit exceeded', code: 88 } ]
[ { message: 'Rate limit exceeded', code: 88 } ]
[ { message: 'Rate limit exceeded', code: 88 } ]
[ { message: 'Rate limit exceeded', code: 88 } ]
[ { message: 'Rate limit exceeded', code: 88 } ]
[ { message: 'Rate limit exceeded', code: 88 } ]
[ { message: 'Rate limit exceeded', code: 88 } ]
[ { message: 'Rate limit exceeded', code: 88 } ]
[ { message: 'Rate limit exceeded', code: 88 } ]
[ { message: 'Rate limit exceeded', code: 88 } ]
[ { message: 'Rate limit exceeded', code: 88 } ]
[ { message: 'Rate limit exceeded', code: 88 } ]
[ { message: 'Rate limit exceeded', code: 88 } ]
[ { message: 'Rate limit exceeded', code: 88 } ]
[ { message: 'Rate limit exceeded', code: 88 } ]
[ { message: 'Rate limit exceeded', code: 88 } ]
[ { message: 'Rate limit exceeded', code: 88 } ]
[ { message: 'Rate limit exceeded', code: 88 } ]
[ { message: 'Rate limit exceeded', code: 88 } ]
[ { message: 'Rate limit exceeded', code: 88 } ]
[ { message: 'Rate limit exceeded', code: 88 } ]
[ { message: 'Rate limit exceeded', code: 88 } ]
[ { message: 'Rate limit exceeded', code: 88 } ]
[ { message: 'Rate limit exceeded', code: 88 } ]
[ { message: 'Rate limit exceeded', code: 88 } ]
[ { message: 'Rate limit exceeded', code: 88 } ]
[ { message: 'Rate limit exceeded', code: 88 } ]
[ { message: 'Rate limit exceeded', code: 88 } ]
[ { message: 'Rate limit exceeded', code: 88 } ]
[ { message: 'Rate limit exceeded', code: 88 } ]
[ { message: 'Rate limit exceeded', code: 88 } ]
[ { message: 'Rate limit exceeded', code: 88 } ]
[ { message: 'Rate limit exceeded', code: 88 } ]
[ { message: 'Rate limit exceeded', code: 88 } ]
[ { message: 'Rate limit exceeded', code: 88 } ]
[ { message: 'Rate limit exceeded', code: 88 } ]
[ { message: 'Rate limit exceeded', code: 88 } ]
[ { message: 'Rate limit exceeded', code: 88 } ]
[ { message: 'Rate limit exceeded', code: 88 } ]
[ { message: 'Rate limit exceeded', code: 88 } ]
[ { message: 'Rate limit exceeded', code: 88 } ]
[ { message: 'Rate limit exceeded', code: 88 } ]
[ { message: 'Rate limit exceeded', code: 88 } ]
[ { message: 'Rate limit exceeded', code: 88 } ]
[ { message: 'Rate limit exceeded', code: 88 } ]
[ { message: 'Rate limit exceeded', code: 88 } ]
[ { message: 'Rate limit exceeded', code: 88 } ]
[ { message: 'Rate limit exceeded', code: 88 } ]
[ { message: 'Rate limit exceeded', code: 88 } ]
